[22552:7029753:0919/233928.391164:INFO:components/enterprise/browser/controller/chrome_browser_cloud_management_controller.cc:206] No machine level policy manager exists.
[22559:7029865:0919/233930.347134:ERROR:gpu/command_buffer/service/shared_image/shared_image_manager.cc:496] SharedImageManager::ProduceOverlay: Trying to Produce a Overlay representation from a non-existent mailbox.
[22559:7029865:0919/233930.347173:ERROR:components/viz/service/display_embedder/skia_output_device_buffer_queue.cc:263] Invalid mailbox.
[22559:7029865:0919/233930.347180:ERROR:gpu/command_buffer/service/shared_image/shared_image_manager.cc:496] SharedImageManager::ProduceOverlay: Trying to Produce a Overlay representation from a non-existent mailbox.
[22559:7029865:0919/233930.347184:ERROR:components/viz/service/display_embedder/skia_output_device_buffer_queue.cc:263] Invalid mailbox.
[22559:7029865:0919/233930.347189:ERROR:gpu/command_buffer/service/shared_image/shared_image_manager.cc:496] SharedImageManager::ProduceOverlay: Trying to Produce a Overlay representation from a non-existent mailbox.
[22559:7029865:0919/233930.347193:ERROR:components/viz/service/display_embedder/skia_output_device_buffer_queue.cc:263] Invalid mailbox.
[22559:7029865:0919/233930.347198:ERROR:gpu/command_buffer/service/shared_image/shared_image_manager.cc:496] SharedImageManager::ProduceOverlay: Trying to Produce a Overlay representation from a non-existent mailbox.
[22559:7029865:0919/233930.347202:ERROR:components/viz/service/display_embedder/skia_output_device_buffer_queue.cc:263] Invalid mailbox.
[22559:7029865:0919/233930.347549:ERROR:gpu/command_buffer/service/shared_image/shared_image_manager.cc:389] SharedImageManager::ProduceSkia: Trying to Produce a Skia representation from a non-existent mailbox.
[22559:7029865:0919/233930.348235:ERROR:gpu/command_buffer/service/shared_image/shared_image_manager.cc:496] SharedImageManager::ProduceOverlay: Trying to Produce a Overlay representation from a non-existent mailbox.
[22559:7029865:0919/233930.348246:ERROR:components/viz/service/display_embedder/skia_output_device_buffer_queue.cc:263] Invalid mailbox.
[22559:7029865:0919/233930.348252:ERROR:gpu/command_buffer/service/shared_image/shared_image_manager.cc:496] SharedImageManager::ProduceOverlay: Trying to Produce a Overlay representation from a non-existent mailbox.
[22559:7029865:0919/233930.348257:ERROR:components/viz/service/display_embedder/skia_output_device_buffer_queue.cc:263] Invalid mailbox.
[22559:7029865:0919/233930.348261:ERROR:gpu/command_buffer/service/shared_image/shared_image_manager.cc:496] SharedImageManager::ProduceOverlay: Trying to Produce a Overlay representation from a non-existent mailbox.
[22559:7029865:0919/233930.348266:ERROR:components/viz/service/display_embedder/skia_output_device_buffer_queue.cc:263] Invalid mailbox.
[22559:7029865:0919/233930.348271:ERROR:gpu/command_buffer/service/shared_image/shared_image_manager.cc:496] SharedImageManager::ProduceOverlay: Trying to Produce a Overlay representation from a non-existent mailbox.
[22559:7029865:0919/233930.348275:ERROR:components/viz/service/display_embedder/skia_output_device_buffer_queue.cc:263] Invalid mailbox.
[22559:7029865:0919/233930.348279:ERROR:gpu/command_buffer/service/shared_image/shared_image_manager.cc:496] SharedImageManager::ProduceOverlay: Trying to Produce a Overlay representation from a non-existent mailbox.
[22559:7029865:0919/233930.348283:ERROR:components/viz/service/display_embedder/skia_output_device_buffer_queue.cc:263] Invalid mailbox.
[22559:7029865:0919/233930.349016:ERROR:gpu/command_buffer/service/shared_image/shared_image_manager.cc:496] SharedImageManager::ProduceOverlay: Trying to Produce a Overlay representation from a non-existent mailbox.
[22559:7029865:0919/233930.349030:ERROR:components/viz/service/display_embedder/skia_output_device_buffer_queue.cc:263] Invalid mailbox.
[22559:7029865:0919/233930.349036:ERROR:gpu/command_buffer/service/shared_image/shared_image_manager.cc:496] SharedImageManager::ProduceOverlay: Trying to Produce a Overlay representation from a non-existent mailbox.
[22559:7029865:0919/233930.349052:ERROR:components/viz/service/display_embedder/skia_output_device_buffer_queue.cc:263] Invalid mailbox.
[22559:7029865:0919/233930.349056:ERROR:gpu/command_buffer/service/shared_image/shared_image_manager.cc:496] SharedImageManager::ProduceOverlay: Trying to Produce a Overlay representation from a non-existent mailbox.
[22559:7029865:0919/233930.349059:ERROR:components/viz/service/display_embedder/skia_output_device_buffer_queue.cc:263] Invalid mailbox.
[22559:7029865:0919/233930.349062:ERROR:gpu/command_buffer/service/shared_image/shared_image_manager.cc:496] SharedImageManager::ProduceOverlay: Trying to Produce a Overlay representation from a non-existent mailbox.
[22559:7029865:0919/233930.349066:ERROR:components/viz/service/display_embedder/skia_output_device_buffer_queue.cc:263] Invalid mailbox.
[22559:7029865:0919/233930.349070:ERROR:gpu/command_buffer/service/shared_image/shared_image_manager.cc:496] SharedImageManager::ProduceOverlay: Trying to Produce a Overlay representation from a non-existent mailbox.
[22559:7029865:0919/233930.349074:ERROR:components/viz/service/display_embedder/skia_output_device_buffer_queue.cc:263] Invalid mailbox.
[22559:7029865:0919/233930.349079:ERROR:gpu/command_buffer/service/shared_image/shared_image_manager.cc:496] SharedImageManager::ProduceOverlay: Trying to Produce a Overlay representation from a non-existent mailbox.
[22559:7029865:0919/233930.349081:ERROR:components/viz/service/display_embedder/skia_output_device_buffer_queue.cc:263] Invalid mailbox.
[22552:7029753:0919/233930.480300:INFO:CONSOLE:3] "[MapKit] The configuration has not been initialized, or it is loading. The request has been queued.", source: https://cdn.apple-mapkit.com/mk/5.15.0/mapkit.js (3)
[22552:7029851:0919/233934.416107:ERROR:google_apis/gcm/engine/registration_request.cc:291] Registration response error message: DEPRECATED_ENDPOINT
[22560:7029896:0919/233941.879863:WARNING:net/extras/sqlite/sqlite_persistent_store_backend_base.cc:176] Failed to post task from FlushAndNotifyInBackground@net/extras/sqlite/sqlite_persistent_store_backend_base.cc:226 to client_task_runner_.
[22560:7029896:0919/233941.880233:WARNING:net/extras/sqlite/sqlite_persistent_store_backend_base.cc:176] Failed to post task from FlushAndNotifyInBackground@net/extras/sqlite/sqlite_persistent_store_backend_base.cc:226 to client_task_runner_.
